<?xml version="1.0" encoding="utf-8"?><testsuites name="pytest tests"><testsuite name="pytest" errors="0" failures="0" skipped="0" tests="16" time="3.502" timestamp="2026-03-05T13:18:04.528029+00:00" hostname="agent-env-2911216d-3e5c-4d5c-a051-aa4bb127cb53"><testcase classname="tests.test_user_management.TestUserManagementAuth" name="test_login_super_admin" time="0.773" /><testcase classname="tests.test_user_management.TestUserManagementAuth" name="test_get_users_list" time="0.433" /><testcase classname="tests.test_user_management.TestToggleUserActive" name="test_deactivate_user" time="0.399" /><testcase classname="tests.test_user_management.TestToggleUserActive" name="test_activate_user" time="0.086" /><testcase classname="tests.test_user_management.TestToggleUserActive" name="test_toggle_nonexistent_user" time="0.043" /><testcase classname="tests.test_user_management.TestUserPermissions" name="test_get_available_permissions" time="0.053" /><testcase classname="tests.test_user_management.TestUserPermissions" name="test_update_user_permissions" time="0.132" /><testcase classname="tests.test_user_management.TestUserPermissions" name="test_clear_user_permissions" time="0.122" /><testcase classname="tests.test_user_management.TestUserPermissions" name="test_update_permissions_nonexistent_user" time="0.046" /><testcase classname="tests.test_user_management.TestResetPassword" name="test_reset_password_success" time="0.613" /><testcase classname="tests.test_user_management.TestResetPassword" name="test_reset_password_too_short" time="0.050" /><testcase classname="tests.test_user_management.TestResetPassword" name="test_reset_password_exactly_six_chars" time="0.271" /><testcase classname="tests.test_user_management.TestResetPassword" name="test_reset_password_nonexistent_user" time="0.045" /><testcase classname="tests.test_user_management.TestUnauthorizedAccess" name="test_toggle_active_requires_auth" time="0.130" /><testcase classname="tests.test_user_management.TestUnauthorizedAccess" name="test_permissions_update_requires_auth" time="0.122" /><testcase classname="tests.test_user_management.TestUnauthorizedAccess" name="test_password_reset_requires_auth" time="0.113" /></testsuite></testsuites>