<?xml version="1.0" encoding="utf-8"?><testsuites name="pytest tests"><testsuite name="pytest" errors="0" failures="5" skipped="0" tests="16" time="8.389" timestamp="2026-02-26T16:05:12.787388+00:00" hostname="agent-env-2911216d-3e5c-4d5c-a051-aa4bb127cb53"><testcase classname="tests.test_whatsapp_api.TestAuth" name="test_login_super_admin" time="0.967" /><testcase classname="tests.test_whatsapp_api.TestAuth" name="test_login_invalid_credentials" time="0.109" /><testcase classname="tests.test_whatsapp_api.TestWhatsAppTemplatesCRUD" name="test_get_templates_empty_or_list" time="0.516" /><testcase classname="tests.test_whatsapp_api.TestWhatsAppTemplatesCRUD" name="test_create_order_placed_template" time="0.394"><failure message="AssertionError: Failed: Internal Server Error&#10;assert 500 == 200&#10; +  where 500 = &lt;Response [500]&gt;.status_code">tests/test_whatsapp_api.py:82: in test_create_order_placed_template
    assert response.status_code == 200, f"Failed: {response.text}"
E   AssertionError: Failed: Internal Server Error
E   assert 500 == 200
E    +  where 500 = &lt;Response [500]&gt;.status_code</failure></testcase><testcase classname="tests.test_whatsapp_api.TestWhatsAppTemplatesCRUD" name="test_create_order_confirmed_template" time="0.500"><failure message="AssertionError: Failed: Internal Server Error&#10;assert 500 == 200&#10; +  where 500 = &lt;Response [500]&gt;.status_code">tests/test_whatsapp_api.py:105: in test_create_order_confirmed_template
    assert response.status_code == 200, f"Failed: {response.text}"
E   AssertionError: Failed: Internal Server Error
E   assert 500 == 200
E    +  where 500 = &lt;Response [500]&gt;.status_code</failure></testcase><testcase classname="tests.test_whatsapp_api.TestWhatsAppTemplatesCRUD" name="test_create_order_ready_template" time="0.474"><failure message="AssertionError: Failed: Internal Server Error&#10;assert 500 == 200&#10; +  where 500 = &lt;Response [500]&gt;.status_code">tests/test_whatsapp_api.py:125: in test_create_order_ready_template
    assert response.status_code == 200, f"Failed: {response.text}"
E   AssertionError: Failed: Internal Server Error
E   assert 500 == 200
E    +  where 500 = &lt;Response [500]&gt;.status_code</failure></testcase><testcase classname="tests.test_whatsapp_api.TestWhatsAppTemplatesCRUD" name="test_create_out_for_delivery_template" time="0.654"><failure message="AssertionError: Failed: Internal Server Error&#10;assert 500 == 200&#10; +  where 500 = &lt;Response [500]&gt;.status_code">tests/test_whatsapp_api.py:145: in test_create_out_for_delivery_template
    assert response.status_code == 200, f"Failed: {response.text}"
E   AssertionError: Failed: Internal Server Error
E   assert 500 == 200
E    +  where 500 = &lt;Response [500]&gt;.status_code</failure></testcase><testcase classname="tests.test_whatsapp_api.TestWhatsAppTemplatesCRUD" name="test_create_delivered_template" time="0.550"><failure message="AssertionError: Failed: Internal Server Error&#10;assert 500 == 200&#10; +  where 500 = &lt;Response [500]&gt;.status_code">tests/test_whatsapp_api.py:165: in test_create_delivered_template
    assert response.status_code == 200, f"Failed: {response.text}"
E   AssertionError: Failed: Internal Server Error
E   assert 500 == 200
E    +  where 500 = &lt;Response [500]&gt;.status_code</failure></testcase><testcase classname="tests.test_whatsapp_api.TestWhatsAppTemplatesCRUD" name="test_update_template_via_patch" time="0.399" /><testcase classname="tests.test_whatsapp_api.TestWhatsAppTemplatesCRUD" name="test_verify_template_update_persisted" time="0.625" /><testcase classname="tests.test_whatsapp_api.TestWhatsAppTemplatesCRUD" name="test_get_whatsapp_logs" time="0.532" /><testcase classname="tests.test_whatsapp_api.TestWhatsAppUnauthorized" name="test_templates_without_auth" time="0.069" /><testcase classname="tests.test_whatsapp_api.TestWhatsAppUnauthorized" name="test_logs_without_auth" time="0.116" /><testcase classname="tests.test_whatsapp_api.TestOrderWhatsAppIntegration" name="test_create_order_triggers_notification" time="0.916" /><testcase classname="tests.test_whatsapp_api.TestOrderWhatsAppIntegration" name="test_update_order_status_triggers_notification" time="1.025" /><testcase classname="tests.test_whatsapp_api.TestHealthCheck" name="test_api_health" time="0.441" /></testsuite></testsuites>